<?xml version="1.0" encoding="UTF-8"?>
<testsuite xmlns:xsi="http://www.w3.org/2001/XMLSchema-instance" xsi:noNamespaceSchemaLocation="https://maven.apache.org/surefire/maven-surefire-plugin/xsd/surefire-test-report.xsd" name="com.ki.models.PaymentTest" time="0.073" tests="4" errors="0" skipped="0" failures="0">
  <properties>
    <property name="java.specification.version" value="21"/>
    <property name="sun.jnu.encoding" value="UTF-8"/>
    <property name="java.class.path" value="/Users/harrymenen/Downloads/Ki Insurance Takehome/ki-takehome-kotlin/target/test-classes:/Users/harrymenen/Downloads/Ki Insurance Takehome/ki-takehome-kotlin/target/classes:/Users/harrymenen/.m2/repository/junit/junit/4.13.2/junit-4.13.2.jar:/Users/harrymenen/.m2/repository/org/hamcrest/hamcrest-core/1.3/hamcrest-core-1.3.jar:/Users/harrymenen/.m2/repository/com/opencsv/opencsv/5.5.2/opencsv-5.5.2.jar:/Users/harrymenen/.m2/repository/org/apache/commons/commons-lang3/3.12.0/commons-lang3-3.12.0.jar:/Users/harrymenen/.m2/repository/org/apache/commons/commons-text/1.9/commons-text-1.9.jar:/Users/harrymenen/.m2/repository/commons-beanutils/commons-beanutils/1.9.4/commons-beanutils-1.9.4.jar:/Users/harrymenen/.m2/repository/commons-logging/commons-logging/1.2/commons-logging-1.2.jar:/Users/harrymenen/.m2/repository/commons-collections/commons-collections/3.2.2/commons-collections-3.2.2.jar:/Users/harrymenen/.m2/repository/org/apache/commons/commons-collections4/4.4/commons-collections4-4.4.jar:/Users/harrymenen/.m2/repository/net/sourceforge/argparse4j/argparse4j/0.9.0/argparse4j-0.9.0.jar:/Users/harrymenen/.m2/repository/org/jetbrains/kotlin/kotlin-stdlib-jdk8/1.6.0-RC2/kotlin-stdlib-jdk8-1.6.0-RC2.jar:/Users/harrymenen/.m2/repository/org/jetbrains/kotlin/kotlin-stdlib/1.6.0-RC2/kotlin-stdlib-1.6.0-RC2.jar:/Users/harrymenen/.m2/repository/org/jetbrains/annotations/13.0/annotations-13.0.jar:/Users/harrymenen/.m2/repository/org/jetbrains/kotlin/kotlin-stdlib-common/1.6.0-RC2/kotlin-stdlib-common-1.6.0-RC2.jar:/Users/harrymenen/.m2/repository/org/jetbrains/kotlin/kotlin-stdlib-jdk7/1.6.0-RC2/kotlin-stdlib-jdk7-1.6.0-RC2.jar:/Users/harrymenen/.m2/repository/org/jetbrains/kotlin/kotlin-test/1.6.0-RC2/kotlin-test-1.6.0-RC2.jar:"/>
    <property name="java.vm.vendor" value="Oracle Corporation"/>
    <property name="sun.arch.data.model" value="64"/>
    <property name="java.vendor.url" value="https://java.oracle.com/"/>
    <property name="os.name" value="Mac OS X"/>
    <property name="java.vm.specification.version" value="21"/>
    <property name="sun.java.launcher" value="SUN_STANDARD"/>
    <property name="user.country" value="GB"/>
    <property name="sun.boot.library.path" value="/Library/Java/JavaVirtualMachines/jdk-21.0.2.jdk/Contents/Home/lib"/>
    <property name="sun.java.command" value="/Users/harrymenen/Downloads/Ki Insurance Takehome/ki-takehome-kotlin/target/surefire/surefirebooter17947852231865462917.jar /Users/harrymenen/Downloads/Ki Insurance Takehome/ki-takehome-kotlin/target/surefire 2024-02-06T17-47-37_231-jvmRun1 surefire18038145248422599380tmp surefire_012375129295489090809tmp"/>
    <property name="http.nonProxyHosts" value="local|*.local|169.254/16|*.169.254/16"/>
    <property name="jdk.debug" value="release"/>
    <property name="surefire.test.class.path" value="/Users/harrymenen/Downloads/Ki Insurance Takehome/ki-takehome-kotlin/target/test-classes:/Users/harrymenen/Downloads/Ki Insurance Takehome/ki-takehome-kotlin/target/classes:/Users/harrymenen/.m2/repository/junit/junit/4.13.2/junit-4.13.2.jar:/Users/harrymenen/.m2/repository/org/hamcrest/hamcrest-core/1.3/hamcrest-core-1.3.jar:/Users/harrymenen/.m2/repository/com/opencsv/opencsv/5.5.2/opencsv-5.5.2.jar:/Users/harrymenen/.m2/repository/org/apache/commons/commons-lang3/3.12.0/commons-lang3-3.12.0.jar:/Users/harrymenen/.m2/repository/org/apache/commons/commons-text/1.9/commons-text-1.9.jar:/Users/harrymenen/.m2/repository/commons-beanutils/commons-beanutils/1.9.4/commons-beanutils-1.9.4.jar:/Users/harrymenen/.m2/repository/commons-logging/commons-logging/1.2/commons-logging-1.2.jar:/Users/harrymenen/.m2/repository/commons-collections/commons-collections/3.2.2/commons-collections-3.2.2.jar:/Users/harrymenen/.m2/repository/org/apache/commons/commons-collections4/4.4/commons-collections4-4.4.jar:/Users/harrymenen/.m2/repository/net/sourceforge/argparse4j/argparse4j/0.9.0/argparse4j-0.9.0.jar:/Users/harrymenen/.m2/repository/org/jetbrains/kotlin/kotlin-stdlib-jdk8/1.6.0-RC2/kotlin-stdlib-jdk8-1.6.0-RC2.jar:/Users/harrymenen/.m2/repository/org/jetbrains/kotlin/kotlin-stdlib/1.6.0-RC2/kotlin-stdlib-1.6.0-RC2.jar:/Users/harrymenen/.m2/repository/org/jetbrains/annotations/13.0/annotations-13.0.jar:/Users/harrymenen/.m2/repository/org/jetbrains/kotlin/kotlin-stdlib-common/1.6.0-RC2/kotlin-stdlib-common-1.6.0-RC2.jar:/Users/harrymenen/.m2/repository/org/jetbrains/kotlin/kotlin-stdlib-jdk7/1.6.0-RC2/kotlin-stdlib-jdk7-1.6.0-RC2.jar:/Users/harrymenen/.m2/repository/org/jetbrains/kotlin/kotlin-test/1.6.0-RC2/kotlin-test-1.6.0-RC2.jar:"/>
    <property name="sun.cpu.endian" value="little"/>
    <property name="user.home" value="/Users/harrymenen"/>
    <property name="user.language" value="en"/>
    <property name="java.specification.vendor" value="Oracle Corporation"/>
    <property name="java.version.date" value="2024-01-16"/>
    <property name="java.home" value="/Library/Java/JavaVirtualMachines/jdk-21.0.2.jdk/Contents/Home"/>
    <property name="file.separator" value="/"/>
    <property name="basedir" value="/Users/harrymenen/Downloads/Ki Insurance Takehome/ki-takehome-kotlin"/>
    <property name="java.vm.compressedOopsMode" value="Zero based"/>
    <property name="line.separator" value="&#10;"/>
    <property name="java.vm.specification.vendor" value="Oracle Corporation"/>
    <property name="java.specification.name" value="Java Platform API Specification"/>
    <property name="apple.awt.application.name" value="ForkedBooter"/>
    <property name="surefire.real.class.path" value="/Users/harrymenen/Downloads/Ki Insurance Takehome/ki-takehome-kotlin/target/surefire/surefirebooter17947852231865462917.jar"/>
    <property name="sun.management.compiler" value="HotSpot 64-Bit Tiered Compilers"/>
    <property name="ftp.nonProxyHosts" value="local|*.local|169.254/16|*.169.254/16"/>
    <property name="java.runtime.version" value="21.0.2+13-58"/>
    <property name="user.name" value="harrymenen"/>
    <property name="stdout.encoding" value="UTF-8"/>
    <property name="path.separator" value=":"/>
    <property name="os.version" value="12.7.2"/>
    <property name="java.runtime.name" value="OpenJDK Runtime Environment"/>
    <property name="file.encoding" value="UTF-8"/>
    <property name="java.vm.name" value="OpenJDK 64-Bit Server VM"/>
    <property name="localRepository" value="/Users/harrymenen/.m2/repository"/>
    <property name="java.vendor.url.bug" value="https://bugreport.java.com/bugreport/"/>
    <property name="java.io.tmpdir" value="/var/folders/bv/f08xtw8x29z6sk1ptm2cps4r0000gn/T/"/>
    <property name="java.version" value="21.0.2"/>
    <property name="user.dir" value="/Users/harrymenen/Downloads/Ki Insurance Takehome/ki-takehome-kotlin"/>
    <property name="os.arch" value="x86_64"/>
    <property name="java.vm.specification.name" value="Java Virtual Machine Specification"/>
    <property name="native.encoding" value="UTF-8"/>
    <property name="java.library.path" value="/Users/harrymenen/Library/Java/Extensions:/Library/Java/Extensions:/Network/Library/Java/Extensions:/System/Library/Java/Extensions:/usr/lib/java:."/>
    <property name="java.vm.info" value="mixed mode, sharing"/>
    <property name="stderr.encoding" value="UTF-8"/>
    <property name="java.vendor" value="Oracle Corporation"/>
    <property name="java.vm.version" value="21.0.2+13-58"/>
    <property name="sun.io.unicode.encoding" value="UnicodeBig"/>
    <property name="socksNonProxyHosts" value="local|*.local|169.254/16|*.169.254/16"/>
    <property name="java.class.version" value="65.0"/>
  </properties>
  <testcase name="testIsSuccessful" classname="com.ki.models.PaymentTest" time="0.007"/>
  <testcase name="testPaymentFromCsvRow" classname="com.ki.models.PaymentTest" time="0.006"/>
  <testcase name="testIsSuccessfulDeclined" classname="com.ki.models.PaymentTest" time="0"/>
  <testcase name="testIsSuccessfulErrored" classname="com.ki.models.PaymentTest" time="0.001"/>
</testsuite>